unityLibrary/build/intermediates/manifest_merge_blame_file/debug/manifest-merger-blame-debug-report.txt
1<?xml version="1.0" encoding="utf-8"?>
2<!-- GENERATED BY UNITY. REMOVE THIS COMMENT TO PREVENT OVERWRITING WHEN EXPORTING AGAIN -->
3<manifest xmlns:android="http://schemas.android.com/apk/res/android"
4    xmlns:tools="http://schemas.android.com/tools"
5    package="com.unity3d.player"
6    android:versionCode="1"
7    android:versionName="1.0" >
8
9    <uses-sdk
10        android:minSdkVersion="19"
10-->src\main\AndroidManifest.xml
11        android:targetSdkVersion="29" />
11-->src\main\AndroidManifest.xml
12
13    <uses-feature android:glEsVersion="0x00030000" />
13-->src\main\AndroidManifest.xml:19:3-52
13-->src\main\AndroidManifest.xml:19:17-49
14    <uses-feature
14-->src\main\AndroidManifest.xml:20:3-91
15        android:name="android.hardware.vulkan.version"
15-->src\main\AndroidManifest.xml:20:17-63
16        android:required="false" />
16-->src\main\AndroidManifest.xml:20:64-88
17
18    <uses-permission android:name="android.permission.CAMERA" />
18-->src\main\AndroidManifest.xml:21:3-63
18-->src\main\AndroidManifest.xml:21:20-60
19
20    <uses-feature
20-->src\main\AndroidManifest.xml:22:3-83
21        android:name="android.hardware.camera"
21-->src\main\AndroidManifest.xml:22:17-55
22        android:required="false" />
22-->src\main\AndroidManifest.xml:22:56-80
23    <uses-feature
23-->src\main\AndroidManifest.xml:23:3-93
24        android:name="android.hardware.camera.autofocus"
24-->src\main\AndroidManifest.xml:23:17-65
25        android:required="false" />
25-->src\main\AndroidManifest.xml:23:66-90
26    <uses-feature
26-->src\main\AndroidManifest.xml:24:3-89
27        android:name="android.hardware.camera.front"
27-->src\main\AndroidManifest.xml:24:17-61
28        android:required="false" />
28-->src\main\AndroidManifest.xml:24:62-86
29    <uses-feature
29-->src\main\AndroidManifest.xml:25:3-88
30        android:name="android.hardware.touchscreen"
30-->src\main\AndroidManifest.xml:25:17-60
31        android:required="false" />
31-->src\main\AndroidManifest.xml:25:61-85
32    <uses-feature
32-->src\main\AndroidManifest.xml:26:3-99
33        android:name="android.hardware.touchscreen.multitouch"
33-->src\main\AndroidManifest.xml:26:17-71
34        android:required="false" />
34-->src\main\AndroidManifest.xml:26:72-96
35    <uses-feature
35-->src\main\AndroidManifest.xml:27:3-108
36        android:name="android.hardware.touchscreen.multitouch.distinct"
36-->src\main\AndroidManifest.xml:27:17-80
37        android:required="false" />
37-->src\main\AndroidManifest.xml:27:81-105
38
39    <application>
39-->src\main\AndroidManifest.xml:4:3-18:17
40        <activity
40-->src\main\AndroidManifest.xml:5:5-12:16
41            android:name="com.unity3d.player.UnityPlayerActivity"
41-->src\main\AndroidManifest.xml:5:15-68
42            android:configChanges="mcc|mnc|locale|touchscreen|keyboard|keyboardHidden|navigation|orientation|screenLayout|uiMode|screenSize|smallestScreenSize|fontScale|layoutDirection|density"
42-->src\main\AndroidManifest.xml:5:180-361
43            android:hardwareAccelerated="false"
43-->src\main\AndroidManifest.xml:5:397-432
44            android:launchMode="singleTask"
44-->src\main\AndroidManifest.xml:5:148-179
45            android:resizeableActivity="false"
45-->src\main\AndroidManifest.xml:5:362-396
46            android:screenOrientation="portrait"
46-->src\main\AndroidManifest.xml:5:111-147
47            android:theme="@style/UnityThemeSelector" >
47-->src\main\AndroidManifest.xml:5:69-110
48            <intent-filter>
48-->src\main\AndroidManifest.xml:6:7-9:23
49                <action android:name="android.intent.action.MAIN" />
49-->src\main\AndroidManifest.xml:7:9-61
49-->src\main\AndroidManifest.xml:7:17-58
50
51                <category android:name="android.intent.category.LAUNCHER" />
51-->src\main\AndroidManifest.xml:8:9-69
51-->src\main\AndroidManifest.xml:8:19-66
52            </intent-filter>
53
54            <meta-data
54-->src\main\AndroidManifest.xml:10:7-82
55                android:name="unityplayer.UnityActivity"
55-->src\main\AndroidManifest.xml:10:18-58
56                android:value="true" />
56-->src\main\AndroidManifest.xml:10:59-79
57            <meta-data
57-->src\main\AndroidManifest.xml:11:7-78
58                android:name="android.notch_support"
58-->src\main\AndroidManifest.xml:11:18-54
59                android:value="true" />
59-->src\main\AndroidManifest.xml:11:55-75
60        </activity>
61
62        <meta-data
62-->src\main\AndroidManifest.xml:13:5-69
63            android:name="unity.splash-mode"
63-->src\main\AndroidManifest.xml:13:16-48
64            android:value="0" />
64-->src\main\AndroidManifest.xml:13:49-66
65        <meta-data
65-->src\main\AndroidManifest.xml:14:5-74
66            android:name="unity.splash-enable"
66-->src\main\AndroidManifest.xml:14:16-50
67            android:value="True" />
67-->src\main\AndroidManifest.xml:14:51-71
68        <meta-data
68-->src\main\AndroidManifest.xml:15:5-84
69            android:name="unity.allow-resizable-window"
69-->src\main\AndroidManifest.xml:15:16-59
70            android:value="False" />
70-->src\main\AndroidManifest.xml:15:60-81
71        <meta-data
71-->src\main\AndroidManifest.xml:16:5-81
72            android:name="notch.config"
72-->src\main\AndroidManifest.xml:16:16-43
73            android:value="portrait|landscape" />
73-->src\main\AndroidManifest.xml:16:44-78
74        <meta-data
74-->src\main\AndroidManifest.xml:17:5-101
75            android:name="unity.build-id"
75-->src\main\AndroidManifest.xml:17:16-45
76            android:value="706d79a0-41cb-4088-ba1c-b4158f326159" />
76-->src\main\AndroidManifest.xml:17:46-98
77    </application>
78
79</manifest>